\BOOKMARK [-1][-]{part.1}{I\040Microeconomia}{}% 1
\BOOKMARK [0][-]{chapter.1}{Introduzione\040alla\040microeconomia}{part.1}% 2
\BOOKMARK [-1][-]{part.2}{II\040Macroeconomia}{}% 3
\BOOKMARK [0][-]{chapter.2}{Introduzione\040alla\040macroeconomia}{part.2}% 4
\BOOKMARK [1][-]{section.2.1}{Introduzione}{chapter.2}% 5
\BOOKMARK [2][-]{subsection.2.1.1}{Misurazione dell’attività economica, PIL e PNL}{section.2.1}% 6
\BOOKMARK [2][-]{subsection.2.1.2}{PIL,\040PNL\040e\040NFP}{section.2.1}% 7
\BOOKMARK [2][-]{subsection.2.1.3}{Composizione\040del\040PIL}{section.2.1}% 8
\BOOKMARK [2][-]{subsection.2.1.4}{Altre\040variabili\040macroeconomiche:\040PIL,\040tasso\040di\040disoccupazione,\040tasso\040di\040inflazione;\040legge\040di\040Okun\040e\040curva\040di\040Phillips}{section.2.1}% 9
\BOOKMARK [3][-]{subsubsection*.3}{Inflazione}{subsection.2.1.4}% 10
\BOOKMARK [3][-]{subsubsection*.4}{Legge\040di\040Okun}{subsection.2.1.4}% 11
\BOOKMARK [3][-]{subsubsection*.5}{Curva\040di\040Phillips}{subsection.2.1.4}% 12
\BOOKMARK [2][-]{subsection.2.1.5}{Confronti}{section.2.1}% 13
\BOOKMARK [3][-]{subsubsection*.6}{Andamenti\040temporali}{subsection.2.1.5}% 14
\BOOKMARK [3][-]{subsubsection*.7}{Confronto\040di\040diverse\040regioni}{subsection.2.1.5}% 15
\BOOKMARK [1][-]{section.2.2}{Il\040breve\040periodo}{chapter.2}% 16
\BOOKMARK [2][-]{subsection.2.2.1}{Il\040mercato\040dei\040beni}{section.2.2}% 17
\BOOKMARK [3][-]{subsubsection*.8}{Produzione\040=\040Domanda}{subsection.2.2.1}% 18
\BOOKMARK [3][-]{subsubsection*.9}{Investimento\040=\040Risparmio}{subsection.2.2.1}% 19
\BOOKMARK [2][-]{subsection.2.2.2}{I\040mercati\040finanziari}{section.2.2}% 20
\BOOKMARK [3][-]{subsubsection*.10}{Domanda\040di\040moneta}{subsection.2.2.2}% 21
\BOOKMARK [2][-]{subsection.2.2.3}{Determinazione\040del\040tasso\040di\040interesse}{section.2.2}% 22
\BOOKMARK [2][-]{subsection.2.2.4}{Il\040modello\040IS-LM}{section.2.2}% 23
\BOOKMARK [1][-]{section.2.3}{Il\040medio\040periodo}{chapter.2}% 24
\BOOKMARK [2][-]{subsection.2.3.1}{Il\040mercato\040del\040lavoro}{section.2.3}% 25
\BOOKMARK [2][-]{subsection.2.3.2}{Offerta\040e\040domanda\040aggregata:\040il\040modello\040AS-AD}{section.2.3}% 26
\BOOKMARK [2][-]{subsection.2.3.3}{Il\040tasso\040naturale\040di\040disoccupazione\040e\040la\040curva\040di\040Phillips}{section.2.3}% 27
\BOOKMARK [2][-]{subsection.2.3.4}{Inflazione,\040produzione\040e\040crescita\040della\040moneta}{section.2.3}% 28
\BOOKMARK [1][-]{section.2.4}{Il\040lungo\040periodo}{chapter.2}% 29
\BOOKMARK [2][-]{subsection.2.4.1}{Risparmio,\040accumulazione\040di\040capitale\040e\040produzione}{section.2.4}% 30
\BOOKMARK [2][-]{subsection.2.4.2}{Progresso\040tecnologico\040e\040crescita}{section.2.4}% 31
\BOOKMARK [1][-]{section.2.5}{Altro}{chapter.2}% 32
\BOOKMARK [2][-]{subsection.2.5.1}{Aspettative}{section.2.5}% 33
\BOOKMARK [2][-]{subsection.2.5.2}{Economia\040aperta}{section.2.5}% 34
\BOOKMARK [2][-]{subsection.2.5.3}{Patologie:\040crisi,\040elevato\040debito,\040iperinflazione}{section.2.5}% 35
\BOOKMARK [2][-]{subsection.2.5.4}{Politica\040economica,\040monetaria\040e\040fiscale}{section.2.5}% 36
\BOOKMARK [1][-]{section.2.6}{Basi}{chapter.2}% 37
\BOOKMARK [2][-]{subsection.2.6.1}{Storia: dalla necessità nel commercio e la partita doppia agli strumenti attualmente presenti}{section.2.6}% 38
\BOOKMARK [2][-]{subsection.2.6.2}{Concetti\040fondamentali\040e\040definizioni}{section.2.6}% 39
\BOOKMARK [1][-]{section.2.7}{Attualità}{chapter.2}% 40
\BOOKMARK [1][-]{section.2.8}{Riferimenti}{chapter.2}% 41
\BOOKMARK [-1][-]{part.3}{III\040Bilancio\040pubblico}{}% 42
\BOOKMARK [0][-]{chapter.3}{Bilancio\040pubblico}{part.3}% 43
\BOOKMARK [1][-]{section.3.1}{Legge}{chapter.3}% 44
\BOOKMARK [1][-]{section.3.2}{Funzioni}{chapter.3}% 45
\BOOKMARK [2][-]{subsection.3.2.1}{Funzione\040economica}{section.3.2}% 46
\BOOKMARK [2][-]{subsection.3.2.2}{…}{section.3.2}% 47
\BOOKMARK [1][-]{section.3.3}{Strumenti}{chapter.3}% 48
\BOOKMARK [1][-]{section.3.4}{Il\040ciclo\040del\040bilancio:\040calendario}{chapter.3}% 49
\BOOKMARK [1][-]{section.3.5}{Princìpi - Maastricht in Europa}{chapter.3}% 50
\BOOKMARK [1][-]{section.3.6}{Esempio\040-\040il\040bilancio\040pubblico\040italiano\040-\040anno\040XXXX}{chapter.3}% 51
\BOOKMARK [1][-]{section.3.7}{}{chapter.3}% 52
\BOOKMARK [-1][-]{part.4}{IV\040Educazione\040finanziaria}{}% 53
\BOOKMARK [0][-]{chapter.4}{Basi\040di\040educazione\040finanziaria}{part.4}% 54
